<?xml version="1.0" encoding="UTF-8"?>
<!-- Generated by org.testng.reporters.JUnitXMLReporter -->
<testsuite ignored="0" hostname="DESKTOP-CQ2MLA2" failures="4" tests="40" name="Test" time="593.428" errors="0" timestamp="2023-02-27T20:19:13 IST">
  <testcase classname="TextNG.Menu" name="verifyElements" time="0.461"/>
  <testcase classname="TextNG.Frames" name="verifyElements" time="1.235"/>
  <testcase classname="TextNG.RegualrAssignments" name="verifyWeekendClasses" time="0.001">
    <failure type="java.lang.IllegalArgumentException" message="Cannot find elements when the XPath is null.">
      <![CDATA[java.lang.IllegalArgumentException: Cannot find elements when the XPath is null.
at org.openqa.selenium.internal.Require$ArgumentChecker.nonNull(Require.java:92)
at org.openqa.selenium.By$ByXPath.<init>(By.java:287)
at org.openqa.selenium.By.xpath(By.java:89)
at TextNG.RegualrAssignments.verifyWeekendClasses(RegualrAssignments.java:37)
at java.base/java.util.ArrayList.forEach(ArrayList.java:1511)
... Removed 27 stack frames]]>
    </failure>
  </testcase> <!-- verifyWeekendClasses -->
  <testcase classname="TextNG.PracticeForm" name="verifyElements" time="3.221"/>
  <testcase classname="TextNG.AutoComplete" name="verifyElements" time="0.489"/>
  <testcase classname="TextNG.BrokenLinksImages" name="verifyElements" time="0.413"/>
  <testcase classname="TextNG.DynamicProperties" name="verifyElements" time="0.314"/>
  <testcase classname="TextNG.UploadAndDownload" name="verifyElements" time="3.346">
    <failure type="java.lang.IllegalArgumentException" message="Cannot find elements when the XPath is null.">
      <![CDATA[java.lang.IllegalArgumentException: Cannot find elements when the XPath is null.
at org.openqa.selenium.internal.Require$ArgumentChecker.nonNull(Require.java:92)
at org.openqa.selenium.By$ByXPath.<init>(By.java:287)
at org.openqa.selenium.By.xpath(By.java:89)
at TextNG.UploadAndDownload.verifyElements(UploadAndDownload.java:44)
at java.base/java.util.ArrayList.forEach(ArrayList.java:1511)
... Removed 27 stack frames]]>
    </failure>
  </testcase> <!-- verifyElements -->
  <testcase classname="TextNG.ProgressBar" name="verifyElements" time="0.314"/>
  <testcase classname="TextNG.SelectMenu" name="verifyElements" time="0.282"/>
  <testcase classname="TextNG.Draggable" name="verifyElements" time="0.201">
    <failure type="java.lang.IllegalArgumentException" message="Cannot find elements when the XPath is null.">
      <![CDATA[java.lang.IllegalArgumentException: Cannot find elements when the XPath is null.
at org.openqa.selenium.internal.Require$ArgumentChecker.nonNull(Require.java:92)
at org.openqa.selenium.By$ByXPath.<init>(By.java:287)
at org.openqa.selenium.By.xpath(By.java:89)
at TextNG.Draggable.verifyElements(Draggable.java:41)
at java.base/java.util.ArrayList.forEach(ArrayList.java:1511)
... Removed 27 stack frames]]>
    </failure>
  </testcase> <!-- verifyElements -->
  <testcase classname="TextNG.resizable" name="verifyElements" time="0.346"/>
  <testcase classname="TextNG.RadioButton" name="verifyElements" time="0.853"/>
  <testcase classname="TextNG.Buttons" name="verifyElements" time="0.769"/>
  <testcase classname="TextNG.Links" name="verifyElements" time="0.559"/>
  <testcase classname="TextNG.Tabs" name="verifyElements" time="0.287"/>
  <testcase classname="TextNG.Slider" name="verifyElements" time="0.499"/>
  <testcase classname="TextNG.Interations" name="verifyElements" time="0.34"/>
  <testcase classname="TextNG.DatePicker" name="verifyElements" time="1.035"/>
  <testcase classname="TextNG.CheckBox" name="verifyElements" time="0.334"/>
  <testcase classname="TextNG.JoinNow" name="verifyJoinNow" time="0.061"/>
  <testcase classname="TextNG.NestedFrames" name="verifyElements" time="0.764"/>
  <testcase classname="TextNG.WeekendClasses" name="verifyWeekendClasses" time="0.099"/>
  <testcase classname="TextNG.TextBox" name="verifyElements" time="0.734"/>
  <testcase classname="TextNG.Forms" name="verifyElements" time="0.257"/>
  <testcase classname="TextNG.AlertsFrames" name="verifyElements" time="0.25"/>
  <testcase classname="TextNG.BrowserWindow" name="verifyElements" time="0.54"/>
  <testcase classname="TextNG.ModalDialog" name="verifyElements" time="0.318"/>
  <testcase classname="TextNG.ToolTips" name="verifyElements" time="0.744"/>
  <testcase classname="TextNG.Widgets" name="verifyElements" time="0.296"/>
  <testcase classname="TextNG.VisitMainPage" name="verifyLogo" time="2.886"/>
  <testcase classname="TextNG.Alerts" name="verifyElements" time="0.311"/>
  <testcase classname="TextNG.BookStore" name="verifyElements" time="1.172">
    <failure type="org.openqa.selenium.ElementClickInterceptedException" message="element click intercepted: Element &amp;lt;h5&amp;gt;...&amp;lt;/h5&amp;gt; is not clickable at point (153, 624). Other element would receive the click: &amp;lt;div id=&amp;quot;fixedban&amp;quot; style=&amp;quot;width:100%;margin:auto;text-align:center;float:none;overflow:hidden;display:scroll;position:fixed;bottom:0;z-index:9999999&amp;quot;&amp;gt;...&amp;lt;/div&amp;gt;
  (Session info: chrome=110.0.5481.177)
Build info: version: &amp;apos;4.0.0&amp;apos;, revision: &amp;apos;3a21814679&amp;apos;
System info: host: &amp;apos;DESKTOP-CQ2MLA2&amp;apos;, ip: &amp;apos;192.168.1.6&amp;apos;, os.name: &amp;apos;Windows 10&amp;apos;, os.arch: &amp;apos;amd64&amp;apos;, os.version: &amp;apos;10.0&amp;apos;, java.version: &amp;apos;16.0.1&amp;apos;
Driver info: org.openqa.selenium.chrome.ChromeDriver
Command: [4f575b2c9aa2995c76b3d4590c03f3de, clickElement {id=feb54202-7ee1-4d0c-b0f7-d639ae6ec9ac}]
Capabilities {acceptInsecureCerts: false, browserName: chrome, browserVersion: 110.0.5481.177, chrome: {chromedriverVersion: 110.0.5481.77 (65ed616c6e8e..., userDataDir: C:\Users\Admin\AppData\Loca...}, goog:chromeOptions: {debuggerAddress: localhost:1644}, javascriptEnabled: true, networkConnectionEnabled: false, pageLoadStrategy: normal, platform: WINDOWS, platformName: WINDOWS, proxy: Proxy(), se:cdp: ws://localhost:1644/devtool..., se:cdpVersion: 110.0.5481.177, setWindowRect: true, strictFileInteractability: false, timeouts: {implicit: 0, pageLoad: 300000, script: 30000}, unhandledPromptBehavior: dismiss and notify, webauthn:extension:credBlob: true, webauthn:extension:largeBlob: true, webauthn:virtualAuthenticators: true}
Element: [[ChromeDriver: chrome on WINDOWS (4f575b2c9aa2995c76b3d4590c03f3de)] -&amp;gt; xpath: //h5[text()=&amp;apos;Book Store Application&amp;apos;]]
Session ID: 4f575b2c9aa2995c76b3d4590c03f3de">
      <![CDATA[org.openqa.selenium.ElementClickInterceptedException: element click intercepted: Element <h5>...</h5> is not clickable at point (153, 624). Other element would receive the click: <div id="fixedban" style="width:100%;margin:auto;text-align:center;float:none;overflow:hidden;display:scroll;position:fixed;bottom:0;z-index:9999999">...</div>
  (Session info: chrome=110.0.5481.177)
Build info: version: '4.0.0', revision: '3a21814679'
System info: host: 'DESKTOP-CQ2MLA2', ip: '192.168.1.6', os.name: 'Windows 10', os.arch: 'amd64', os.version: '10.0', java.version: '16.0.1'
Driver info: org.openqa.selenium.chrome.ChromeDriver
Command: [4f575b2c9aa2995c76b3d4590c03f3de, clickElement {id=feb54202-7ee1-4d0c-b0f7-d639ae6ec9ac}]
Capabilities {acceptInsecureCerts: false, browserName: chrome, browserVersion: 110.0.5481.177, chrome: {chromedriverVersion: 110.0.5481.77 (65ed616c6e8e..., userDataDir: C:\Users\Admin\AppData\Loca...}, goog:chromeOptions: {debuggerAddress: localhost:1644}, javascriptEnabled: true, networkConnectionEnabled: false, pageLoadStrategy: normal, platform: WINDOWS, platformName: WINDOWS, proxy: Proxy(), se:cdp: ws://localhost:1644/devtool..., se:cdpVersion: 110.0.5481.177, setWindowRect: true, strictFileInteractability: false, timeouts: {implicit: 0, pageLoad: 300000, script: 30000}, unhandledPromptBehavior: dismiss and notify, webauthn:extension:credBlob: true, webauthn:extension:largeBlob: true, webauthn:virtualAuthenticators: true}
Element: [[ChromeDriver: chrome on WINDOWS (4f575b2c9aa2995c76b3d4590c03f3de)] -> xpath: //h5[text()='Book Store Application']]
Session ID: 4f575b2c9aa2995c76b3d4590c03f3de
at org.openqa.selenium.remote.codec.w3c.W3CHttpResponseCodec.createException(W3CHttpResponseCodec.java:200)
at org.openqa.selenium.remote.codec.w3c.W3CHttpResponseCodec.decode(W3CHttpResponseCodec.java:133)
at org.openqa.selenium.remote.codec.w3c.W3CHttpResponseCodec.decode(W3CHttpResponseCodec.java:53)
at org.openqa.selenium.remote.HttpCommandExecutor.execute(HttpCommandExecutor.java:184)
at org.openqa.selenium.remote.service.DriverCommandExecutor.invokeExecute(DriverCommandExecutor.java:164)
at org.openqa.selenium.remote.service.DriverCommandExecutor.execute(DriverCommandExecutor.java:139)
at org.openqa.selenium.remote.RemoteWebDriver.execute(RemoteWebDriver.java:559)
at org.openqa.selenium.remote.RemoteWebElement.execute(RemoteWebElement.java:251)
at org.openqa.selenium.remote.RemoteWebElement.click(RemoteWebElement.java:77)
at TextNG.BookStore.verifyElements(BookStore.java:40)
at java.base/java.util.ArrayList.forEach(ArrayList.java:1511)
... Removed 32 stack frames]]>
    </failure>
  </testcase> <!-- verifyElements -->
  <testcase classname="TextNG.Droppable" name="verifyElements" time="0.78"/>
  <testcase classname="TextNG.WebTables" name="verifyElements" time="0.722"/>
  <testcase classname="TextNG.ElementsCard" name="verifyElements" time="0.483"/>
  <testcase classname="TextNG.VerifyLogo" name="verifyLogo" time="0.045"/>
  <testcase classname="TextNG.Sortable" name="verifyElements" time="0.77"/>
  <testcase classname="TextNG.Selectable" name="verifyElements" time="0.371"/>
  <testcase classname="TextNG.Accordian" name="verifyElements" time="0.807"/>
</testsuite> <!-- Test -->
