<html>
<head>
<title>TestNG:  Test</title>
<link href="../testng.css" rel="stylesheet" type="text/css" />
<link href="../my-testng.css" rel="stylesheet" type="text/css" />

<style type="text/css">
.log { display: none;} 
.stack-trace { display: none;} 
</style>
<script type="text/javascript">
<!--
function flip(e) {
  current = e.style.display;
  if (current == 'block') {
    e.style.display = 'none';
    return 0;
  }
  else {
    e.style.display = 'block';
    return 1;
  }
}

function toggleBox(szDivId, elem, msg1, msg2)
{
  var res = -1;  if (document.getElementById) {
    res = flip(document.getElementById(szDivId));
  }
  else if (document.all) {
    // this is the way old msie versions work
    res = flip(document.all[szDivId]);
  }
  if(elem) {
    if(res == 0) elem.innerHTML = msg1; else elem.innerHTML = msg2;
  }

}

function toggleAllBoxes() {
  if (document.getElementsByTagName) {
    d = document.getElementsByTagName('div');
    for (i = 0; i < d.length; i++) {
      if (d[i].className == 'log') {
        flip(d[i]);
      }
    }
  }
}

// -->
</script>

</head>
<body>
<h2 align='center'>Test</h2><table border='1' align="center">
<tr>
<td>Tests passed/Failed/Skipped:</td><td>36/4/0</td>
</tr><tr>
<td>Started on:</td><td>Mon Feb 27 20:09:19 IST 2023</td>
</tr>
<tr><td>Total time:</td><td>593 seconds (593428 ms)</td>
</tr><tr>
<td>Included groups:</td><td></td>
</tr><tr>
<td>Excluded groups:</td><td></td>
</tr>
</table><p/>
<small><i>(Hover the method name to see the test class name)</i></small><p/>
<table width='100%' border='1' class='invocation-failed'>
<tr><td colspan='4' align='center'><b>FAILED TESTS</b></td></tr>
<tr><td><b>Test method</b></td>
<td width="30%"><b>Exception</b></td>
<td width="10%"><b>Time (seconds)</b></td>
<td><b>Instance</b></td>
</tr>
<tr>
<td title='TextNG.UploadAndDownload.verifyElements()'><b>verifyElements</b><br>Test class: TextNG.UploadAndDownload</td>
<td><div><pre>java.lang.IllegalArgumentException: Cannot find elements when the XPath is null.
	at org.openqa.selenium.internal.Require$ArgumentChecker.nonNull(Require.java:92)
	at org.openqa.selenium.By$ByXPath.&lt;init&gt;(By.java:287)
	at org.openqa.selenium.By.xpath(By.java:89)
	at TextNG.UploadAndDownload.verifyElements(UploadAndDownload.java:44)
	at java.base/java.util.ArrayList.forEach(ArrayList.java:1511)
... Removed 27 stack frames</pre></div><a href='#' onClick='toggleBox("stack-trace1377988183", this, "Click to show all stack frames", "Click to hide stack frames")'>Click to show all stack frames</a>
<div class='stack-trace' id='stack-trace1377988183'><pre>java.lang.IllegalArgumentException: Cannot find elements when the XPath is null.
	at org.openqa.selenium.internal.Require$ArgumentChecker.nonNull(Require.java:92)
	at org.openqa.selenium.By$ByXPath.&lt;init&gt;(By.java:287)
	at org.openqa.selenium.By.xpath(By.java:89)
	at TextNG.UploadAndDownload.verifyElements(UploadAndDownload.java:44)
	at java.base/jdk.internal.reflect.NativeMethodAccessorImpl.invoke0(Native Method)
	at java.base/jdk.internal.reflect.NativeMethodAccessorImpl.invoke(NativeMethodAccessorImpl.java:78)
	at java.base/jdk.internal.reflect.DelegatingMethodAccessorImpl.invoke(DelegatingMethodAccessorImpl.java:43)
	at java.base/java.lang.reflect.Method.invoke(Method.java:567)
	at org.testng.internal.MethodInvocationHelper.invokeMethod(MethodInvocationHelper.java:133)
	at org.testng.internal.TestInvoker.invokeMethod(TestInvoker.java:598)
	at org.testng.internal.TestInvoker.invokeTestMethod(TestInvoker.java:173)
	at org.testng.internal.MethodRunner.runInSequence(MethodRunner.java:46)
	at org.testng.internal.TestInvoker$MethodInvocationAgent.invoke(TestInvoker.java:824)
	at org.testng.internal.TestInvoker.invokeTestMethods(TestInvoker.java:146)
	at org.testng.internal.TestMethodWorker.invokeTestMethods(TestMethodWorker.java:146)
	at org.testng.internal.TestMethodWorker.run(TestMethodWorker.java:128)
	at java.base/java.util.ArrayList.forEach(ArrayList.java:1511)
	at org.testng.TestRunner.privateRun(TestRunner.java:794)
	at org.testng.TestRunner.run(TestRunner.java:596)
	at org.testng.SuiteRunner.runTest(SuiteRunner.java:377)
	at org.testng.SuiteRunner.runSequentially(SuiteRunner.java:371)
	at org.testng.SuiteRunner.privateRun(SuiteRunner.java:332)
	at org.testng.SuiteRunner.run(SuiteRunner.java:276)
	at org.testng.SuiteRunnerWorker.runSuite(SuiteRunnerWorker.java:53)
	at org.testng.SuiteRunnerWorker.run(SuiteRunnerWorker.java:96)
	at org.testng.TestNG.runSuitesSequentially(TestNG.java:1212)
	at org.testng.TestNG.runSuitesLocally(TestNG.java:1134)
	at org.testng.TestNG.runSuites(TestNG.java:1063)
	at org.testng.TestNG.run(TestNG.java:1031)
	at org.testng.remote.AbstractRemoteTestNG.run(AbstractRemoteTestNG.java:115)
	at org.testng.remote.RemoteTestNG.initAndRun(RemoteTestNG.java:251)
	at org.testng.remote.RemoteTestNG.main(RemoteTestNG.java:77)
</pre></div></td>
<td>3</td>
<td>TextNG.UploadAndDownload@6ae5aa72</td></tr>
<tr>
<td title='TextNG.RegualrAssignments.verifyWeekendClasses()'><b>verifyWeekendClasses</b><br>Test class: TextNG.RegualrAssignments</td>
<td><div><pre>java.lang.IllegalArgumentException: Cannot find elements when the XPath is null.
	at org.openqa.selenium.internal.Require$ArgumentChecker.nonNull(Require.java:92)
	at org.openqa.selenium.By$ByXPath.&lt;init&gt;(By.java:287)
	at org.openqa.selenium.By.xpath(By.java:89)
	at TextNG.RegualrAssignments.verifyWeekendClasses(RegualrAssignments.java:37)
	at java.base/java.util.ArrayList.forEach(ArrayList.java:1511)
... Removed 27 stack frames</pre></div><a href='#' onClick='toggleBox("stack-trace1185575212", this, "Click to show all stack frames", "Click to hide stack frames")'>Click to show all stack frames</a>
<div class='stack-trace' id='stack-trace1185575212'><pre>java.lang.IllegalArgumentException: Cannot find elements when the XPath is null.
	at org.openqa.selenium.internal.Require$ArgumentChecker.nonNull(Require.java:92)
	at org.openqa.selenium.By$ByXPath.&lt;init&gt;(By.java:287)
	at org.openqa.selenium.By.xpath(By.java:89)
	at TextNG.RegualrAssignments.verifyWeekendClasses(RegualrAssignments.java:37)
	at java.base/jdk.internal.reflect.NativeMethodAccessorImpl.invoke0(Native Method)
	at java.base/jdk.internal.reflect.NativeMethodAccessorImpl.invoke(NativeMethodAccessorImpl.java:78)
	at java.base/jdk.internal.reflect.DelegatingMethodAccessorImpl.invoke(DelegatingMethodAccessorImpl.java:43)
	at java.base/java.lang.reflect.Method.invoke(Method.java:567)
	at org.testng.internal.MethodInvocationHelper.invokeMethod(MethodInvocationHelper.java:133)
	at org.testng.internal.TestInvoker.invokeMethod(TestInvoker.java:598)
	at org.testng.internal.TestInvoker.invokeTestMethod(TestInvoker.java:173)
	at org.testng.internal.MethodRunner.runInSequence(MethodRunner.java:46)
	at org.testng.internal.TestInvoker$MethodInvocationAgent.invoke(TestInvoker.java:824)
	at org.testng.internal.TestInvoker.invokeTestMethods(TestInvoker.java:146)
	at org.testng.internal.TestMethodWorker.invokeTestMethods(TestMethodWorker.java:146)
	at org.testng.internal.TestMethodWorker.run(TestMethodWorker.java:128)
	at java.base/java.util.ArrayList.forEach(ArrayList.java:1511)
	at org.testng.TestRunner.privateRun(TestRunner.java:794)
	at org.testng.TestRunner.run(TestRunner.java:596)
	at org.testng.SuiteRunner.runTest(SuiteRunner.java:377)
	at org.testng.SuiteRunner.runSequentially(SuiteRunner.java:371)
	at org.testng.SuiteRunner.privateRun(SuiteRunner.java:332)
	at org.testng.SuiteRunner.run(SuiteRunner.java:276)
	at org.testng.SuiteRunnerWorker.runSuite(SuiteRunnerWorker.java:53)
	at org.testng.SuiteRunnerWorker.run(SuiteRunnerWorker.java:96)
	at org.testng.TestNG.runSuitesSequentially(TestNG.java:1212)
	at org.testng.TestNG.runSuitesLocally(TestNG.java:1134)
	at org.testng.TestNG.runSuites(TestNG.java:1063)
	at org.testng.TestNG.run(TestNG.java:1031)
	at org.testng.remote.AbstractRemoteTestNG.run(AbstractRemoteTestNG.java:115)
	at org.testng.remote.RemoteTestNG.initAndRun(RemoteTestNG.java:251)
	at org.testng.remote.RemoteTestNG.main(RemoteTestNG.java:77)
</pre></div></td>
<td>0</td>
<td>TextNG.RegualrAssignments@6d763516</td></tr>
<tr>
<td title='TextNG.Draggable.verifyElements()'><b>verifyElements</b><br>Test class: TextNG.Draggable</td>
<td><div><pre>java.lang.IllegalArgumentException: Cannot find elements when the XPath is null.
	at org.openqa.selenium.internal.Require$ArgumentChecker.nonNull(Require.java:92)
	at org.openqa.selenium.By$ByXPath.&lt;init&gt;(By.java:287)
	at org.openqa.selenium.By.xpath(By.java:89)
	at TextNG.Draggable.verifyElements(Draggable.java:41)
	at java.base/java.util.ArrayList.forEach(ArrayList.java:1511)
... Removed 27 stack frames</pre></div><a href='#' onClick='toggleBox("stack-trace817614737", this, "Click to show all stack frames", "Click to hide stack frames")'>Click to show all stack frames</a>
<div class='stack-trace' id='stack-trace817614737'><pre>java.lang.IllegalArgumentException: Cannot find elements when the XPath is null.
	at org.openqa.selenium.internal.Require$ArgumentChecker.nonNull(Require.java:92)
	at org.openqa.selenium.By$ByXPath.&lt;init&gt;(By.java:287)
	at org.openqa.selenium.By.xpath(By.java:89)
	at TextNG.Draggable.verifyElements(Draggable.java:41)
	at java.base/jdk.internal.reflect.NativeMethodAccessorImpl.invoke0(Native Method)
	at java.base/jdk.internal.reflect.NativeMethodAccessorImpl.invoke(NativeMethodAccessorImpl.java:78)
	at java.base/jdk.internal.reflect.DelegatingMethodAccessorImpl.invoke(DelegatingMethodAccessorImpl.java:43)
	at java.base/java.lang.reflect.Method.invoke(Method.java:567)
	at org.testng.internal.MethodInvocationHelper.invokeMethod(MethodInvocationHelper.java:133)
	at org.testng.internal.TestInvoker.invokeMethod(TestInvoker.java:598)
	at org.testng.internal.TestInvoker.invokeTestMethod(TestInvoker.java:173)
	at org.testng.internal.MethodRunner.runInSequence(MethodRunner.java:46)
	at org.testng.internal.TestInvoker$MethodInvocationAgent.invoke(TestInvoker.java:824)
	at org.testng.internal.TestInvoker.invokeTestMethods(TestInvoker.java:146)
	at org.testng.internal.TestMethodWorker.invokeTestMethods(TestMethodWorker.java:146)
	at org.testng.internal.TestMethodWorker.run(TestMethodWorker.java:128)
	at java.base/java.util.ArrayList.forEach(ArrayList.java:1511)
	at org.testng.TestRunner.privateRun(TestRunner.java:794)
	at org.testng.TestRunner.run(TestRunner.java:596)
	at org.testng.SuiteRunner.runTest(SuiteRunner.java:377)
	at org.testng.SuiteRunner.runSequentially(SuiteRunner.java:371)
	at org.testng.SuiteRunner.privateRun(SuiteRunner.java:332)
	at org.testng.SuiteRunner.run(SuiteRunner.java:276)
	at org.testng.SuiteRunnerWorker.runSuite(SuiteRunnerWorker.java:53)
	at org.testng.SuiteRunnerWorker.run(SuiteRunnerWorker.java:96)
	at org.testng.TestNG.runSuitesSequentially(TestNG.java:1212)
	at org.testng.TestNG.runSuitesLocally(TestNG.java:1134)
	at org.testng.TestNG.runSuites(TestNG.java:1063)
	at org.testng.TestNG.run(TestNG.java:1031)
	at org.testng.remote.AbstractRemoteTestNG.run(AbstractRemoteTestNG.java:115)
	at org.testng.remote.RemoteTestNG.initAndRun(RemoteTestNG.java:251)
	at org.testng.remote.RemoteTestNG.main(RemoteTestNG.java:77)
</pre></div></td>
<td>0</td>
<td>TextNG.Draggable@16293aa2</td></tr>
<tr>
<td title='TextNG.BookStore.verifyElements()'><b>verifyElements</b><br>Test class: TextNG.BookStore</td>
<td><div><pre>org.openqa.selenium.ElementClickInterceptedException: element click intercepted: Element &lt;h5&gt;...&lt;/h5&gt; is not clickable at point (153, 624). Other element would receive the click: &lt;div id=&quot;fixedban&quot; style=&quot;width:100%;margin:auto;text-align:center;float:none;overflow:hidden;display:scroll;position:fixed;bottom:0;z-index:9999999&quot;&gt;...&lt;/div&gt;
  (Session info: chrome=110.0.5481.177)
Build info: version: &apos;4.0.0&apos;, revision: &apos;3a21814679&apos;
System info: host: &apos;DESKTOP-CQ2MLA2&apos;, ip: &apos;192.168.1.6&apos;, os.name: &apos;Windows 10&apos;, os.arch: &apos;amd64&apos;, os.version: &apos;10.0&apos;, java.version: &apos;16.0.1&apos;
Driver info: org.openqa.selenium.chrome.ChromeDriver
Command: [4f575b2c9aa2995c76b3d4590c03f3de, clickElement {id=feb54202-7ee1-4d0c-b0f7-d639ae6ec9ac}]
Capabilities {acceptInsecureCerts: false, browserName: chrome, browserVersion: 110.0.5481.177, chrome: {chromedriverVersion: 110.0.5481.77 (65ed616c6e8e..., userDataDir: C:\Users\Admin\AppData\Loca...}, goog:chromeOptions: {debuggerAddress: localhost:1644}, javascriptEnabled: true, networkConnectionEnabled: false, pageLoadStrategy: normal, platform: WINDOWS, platformName: WINDOWS, proxy: Proxy(), se:cdp: ws://localhost:1644/devtool..., se:cdpVersion: 110.0.5481.177, setWindowRect: true, strictFileInteractability: false, timeouts: {implicit: 0, pageLoad: 300000, script: 30000}, unhandledPromptBehavior: dismiss and notify, webauthn:extension:credBlob: true, webauthn:extension:largeBlob: true, webauthn:virtualAuthenticators: true}
Element: [[ChromeDriver: chrome on WINDOWS (4f575b2c9aa2995c76b3d4590c03f3de)] -&gt; xpath: //h5[text()=&apos;Book Store Application&apos;]]
Session ID: 4f575b2c9aa2995c76b3d4590c03f3de
	at org.openqa.selenium.remote.codec.w3c.W3CHttpResponseCodec.createException(W3CHttpResponseCodec.java:200)
	at org.openqa.selenium.remote.codec.w3c.W3CHttpResponseCodec.decode(W3CHttpResponseCodec.java:133)
	at org.openqa.selenium.remote.codec.w3c.W3CHttpResponseCodec.decode(W3CHttpResponseCodec.java:53)
	at org.openqa.selenium.remote.HttpCommandExecutor.execute(HttpCommandExecutor.java:184)
	at org.openqa.selenium.remote.service.DriverCommandExecutor.invokeExecute(DriverCommandExecutor.java:164)
	at org.openqa.selenium.remote.service.DriverCommandExecutor.execute(DriverCommandExecutor.java:139)
	at org.openqa.selenium.remote.RemoteWebDriver.execute(RemoteWebDriver.java:559)
	at org.openqa.selenium.remote.RemoteWebElement.execute(RemoteWebElement.java:251)
	at org.openqa.selenium.remote.RemoteWebElement.click(RemoteWebElement.java:77)
	at TextNG.BookStore.verifyElements(BookStore.java:40)
	at java.base/java.util.ArrayList.forEach(ArrayList.java:1511)
... Removed 32 stack frames</pre></div><a href='#' onClick='toggleBox("stack-trace1618269752", this, "Click to show all stack frames", "Click to hide stack frames")'>Click to show all stack frames</a>
<div class='stack-trace' id='stack-trace1618269752'><pre>org.openqa.selenium.ElementClickInterceptedException: element click intercepted: Element &lt;h5&gt;...&lt;/h5&gt; is not clickable at point (153, 624). Other element would receive the click: &lt;div id=&quot;fixedban&quot; style=&quot;width:100%;margin:auto;text-align:center;float:none;overflow:hidden;display:scroll;position:fixed;bottom:0;z-index:9999999&quot;&gt;...&lt;/div&gt;
  (Session info: chrome=110.0.5481.177)
Build info: version: &apos;4.0.0&apos;, revision: &apos;3a21814679&apos;
System info: host: &apos;DESKTOP-CQ2MLA2&apos;, ip: &apos;192.168.1.6&apos;, os.name: &apos;Windows 10&apos;, os.arch: &apos;amd64&apos;, os.version: &apos;10.0&apos;, java.version: &apos;16.0.1&apos;
Driver info: org.openqa.selenium.chrome.ChromeDriver
Command: [4f575b2c9aa2995c76b3d4590c03f3de, clickElement {id=feb54202-7ee1-4d0c-b0f7-d639ae6ec9ac}]
Capabilities {acceptInsecureCerts: false, browserName: chrome, browserVersion: 110.0.5481.177, chrome: {chromedriverVersion: 110.0.5481.77 (65ed616c6e8e..., userDataDir: C:\Users\Admin\AppData\Loca...}, goog:chromeOptions: {debuggerAddress: localhost:1644}, javascriptEnabled: true, networkConnectionEnabled: false, pageLoadStrategy: normal, platform: WINDOWS, platformName: WINDOWS, proxy: Proxy(), se:cdp: ws://localhost:1644/devtool..., se:cdpVersion: 110.0.5481.177, setWindowRect: true, strictFileInteractability: false, timeouts: {implicit: 0, pageLoad: 300000, script: 30000}, unhandledPromptBehavior: dismiss and notify, webauthn:extension:credBlob: true, webauthn:extension:largeBlob: true, webauthn:virtualAuthenticators: true}
Element: [[ChromeDriver: chrome on WINDOWS (4f575b2c9aa2995c76b3d4590c03f3de)] -&gt; xpath: //h5[text()=&apos;Book Store Application&apos;]]
Session ID: 4f575b2c9aa2995c76b3d4590c03f3de
	at java.base/jdk.internal.reflect.NativeConstructorAccessorImpl.newInstance0(Native Method)
	at java.base/jdk.internal.reflect.NativeConstructorAccessorImpl.newInstance(NativeConstructorAccessorImpl.java:78)
	at java.base/jdk.internal.reflect.DelegatingConstructorAccessorImpl.newInstance(DelegatingConstructorAccessorImpl.java:45)
	at java.base/java.lang.reflect.Constructor.newInstanceWithCaller(Constructor.java:499)
	at java.base/java.lang.reflect.Constructor.newInstance(Constructor.java:480)
	at org.openqa.selenium.remote.codec.w3c.W3CHttpResponseCodec.createException(W3CHttpResponseCodec.java:200)
	at org.openqa.selenium.remote.codec.w3c.W3CHttpResponseCodec.decode(W3CHttpResponseCodec.java:133)
	at org.openqa.selenium.remote.codec.w3c.W3CHttpResponseCodec.decode(W3CHttpResponseCodec.java:53)
	at org.openqa.selenium.remote.HttpCommandExecutor.execute(HttpCommandExecutor.java:184)
	at org.openqa.selenium.remote.service.DriverCommandExecutor.invokeExecute(DriverCommandExecutor.java:164)
	at org.openqa.selenium.remote.service.DriverCommandExecutor.execute(DriverCommandExecutor.java:139)
	at org.openqa.selenium.remote.RemoteWebDriver.execute(RemoteWebDriver.java:559)
	at org.openqa.selenium.remote.RemoteWebElement.execute(RemoteWebElement.java:251)
	at org.openqa.selenium.remote.RemoteWebElement.click(RemoteWebElement.java:77)
	at TextNG.BookStore.verifyElements(BookStore.java:40)
	at java.base/jdk.internal.reflect.NativeMethodAccessorImpl.invoke0(Native Method)
	at java.base/jdk.internal.reflect.NativeMethodAccessorImpl.invoke(NativeMethodAccessorImpl.java:78)
	at java.base/jdk.internal.reflect.DelegatingMethodAccessorImpl.invoke(DelegatingMethodAccessorImpl.java:43)
	at java.base/java.lang.reflect.Method.invoke(Method.java:567)
	at org.testng.internal.MethodInvocationHelper.invokeMethod(MethodInvocationHelper.java:133)
	at org.testng.internal.TestInvoker.invokeMethod(TestInvoker.java:598)
	at org.testng.internal.TestInvoker.invokeTestMethod(TestInvoker.java:173)
	at org.testng.internal.MethodRunner.runInSequence(MethodRunner.java:46)
	at org.testng.internal.TestInvoker$MethodInvocationAgent.invoke(TestInvoker.java:824)
	at org.testng.internal.TestInvoker.invokeTestMethods(TestInvoker.java:146)
	at org.testng.internal.TestMethodWorker.invokeTestMethods(TestMethodWorker.java:146)
	at org.testng.internal.TestMethodWorker.run(TestMethodWorker.java:128)
	at java.base/java.util.ArrayList.forEach(ArrayList.java:1511)
	at org.testng.TestRunner.privateRun(TestRunner.java:794)
	at org.testng.TestRunner.run(TestRunner.java:596)
	at org.testng.SuiteRunner.runTest(SuiteRunner.java:377)
	at org.testng.SuiteRunner.runSequentially(SuiteRunner.java:371)
	at org.testng.SuiteRunner.privateRun(SuiteRunner.java:332)
	at org.testng.SuiteRunner.run(SuiteRunner.java:276)
	at org.testng.SuiteRunnerWorker.runSuite(SuiteRunnerWorker.java:53)
	at org.testng.SuiteRunnerWorker.run(SuiteRunnerWorker.java:96)
	at org.testng.TestNG.runSuitesSequentially(TestNG.java:1212)
	at org.testng.TestNG.runSuitesLocally(TestNG.java:1134)
	at org.testng.TestNG.runSuites(TestNG.java:1063)
	at org.testng.TestNG.run(TestNG.java:1031)
	at org.testng.remote.AbstractRemoteTestNG.run(AbstractRemoteTestNG.java:115)
	at org.testng.remote.RemoteTestNG.initAndRun(RemoteTestNG.java:251)
	at org.testng.remote.RemoteTestNG.main(RemoteTestNG.java:77)
</pre></div></td>
<td>1</td>
<td>TextNG.BookStore@74fe5c40</td></tr>
</table><p>
<table width='100%' border='1' class='invocation-passed'>
<tr><td colspan='4' align='center'><b>PASSED TESTS</b></td></tr>
<tr><td><b>Test method</b></td>
<td width="30%"><b>Exception</b></td>
<td width="10%"><b>Time (seconds)</b></td>
<td><b>Instance</b></td>
</tr>
<tr>
<td title='TextNG.Buttons.verifyElements()'><b>verifyElements</b><br>Test class: TextNG.Buttons</td>
<td></td>
<td>0</td>
<td>TextNG.Buttons@72d1ad2e</td></tr>
<tr>
<td title='TextNG.SelectMenu.verifyElements()'><b>verifyElements</b><br>Test class: TextNG.SelectMenu</td>
<td></td>
<td>0</td>
<td>TextNG.SelectMenu@5c5eefef</td></tr>
<tr>
<td title='TextNG.PracticeForm.verifyElements()'><b>verifyElements</b><br>Test class: TextNG.PracticeForm</td>
<td></td>
<td>3</td>
<td>TextNG.PracticeForm@52bf72b5</td></tr>
<tr>
<td title='TextNG.Selectable.verifyElements()'><b>verifyElements</b><br>Test class: TextNG.Selectable</td>
<td></td>
<td>0</td>
<td>TextNG.Selectable@7f3b84b8</td></tr>
<tr>
<td title='TextNG.Frames.verifyElements()'><b>verifyElements</b><br>Test class: TextNG.Frames</td>
<td></td>
<td>1</td>
<td>TextNG.Frames@2a798d51</td></tr>
<tr>
<td title='TextNG.Sortable.verifyElements()'><b>verifyElements</b><br>Test class: TextNG.Sortable</td>
<td></td>
<td>0</td>
<td>TextNG.Sortable@77847718</td></tr>
<tr>
<td title='TextNG.ProgressBar.verifyElements()'><b>verifyElements</b><br>Test class: TextNG.ProgressBar</td>
<td></td>
<td>0</td>
<td>TextNG.ProgressBar@222545dc</td></tr>
<tr>
<td title='TextNG.WeekendClasses.verifyWeekendClasses()'><b>verifyWeekendClasses</b><br>Test class: TextNG.WeekendClasses</td>
<td></td>
<td>0</td>
<td>TextNG.WeekendClasses@1189dd52</td></tr>
<tr>
<td title='TextNG.BrokenLinksImages.verifyElements()'><b>verifyElements</b><br>Test class: TextNG.BrokenLinksImages</td>
<td></td>
<td>0</td>
<td>TextNG.BrokenLinksImages@515aebb0</td></tr>
<tr>
<td title='TextNG.Interations.verifyElements()'><b>verifyElements</b><br>Test class: TextNG.Interations</td>
<td></td>
<td>0</td>
<td>TextNG.Interations@478190fc</td></tr>
<tr>
<td title='TextNG.CheckBox.verifyElements()'><b>verifyElements</b><br>Test class: TextNG.CheckBox</td>
<td></td>
<td>0</td>
<td>TextNG.CheckBox@3a93b025</td></tr>
<tr>
<td title='TextNG.Slider.verifyElements()'><b>verifyElements</b><br>Test class: TextNG.Slider</td>
<td></td>
<td>0</td>
<td>TextNG.Slider@38c6f217</td></tr>
<tr>
<td title='TextNG.resizable.verifyElements()'><b>verifyElements</b><br>Test class: TextNG.resizable</td>
<td></td>
<td>0</td>
<td>TextNG.resizable@5158b42f</td></tr>
<tr>
<td title='TextNG.JoinNow.verifyJoinNow()'><b>verifyJoinNow</b><br>Test class: TextNG.JoinNow</td>
<td></td>
<td>0</td>
<td>TextNG.JoinNow@35cabb2a</td></tr>
<tr>
<td title='TextNG.Menu.verifyElements()'><b>verifyElements</b><br>Test class: TextNG.Menu</td>
<td></td>
<td>0</td>
<td>TextNG.Menu@59fd97a8</td></tr>
<tr>
<td title='TextNG.AutoComplete.verifyElements()'><b>verifyElements</b><br>Test class: TextNG.AutoComplete</td>
<td></td>
<td>0</td>
<td>TextNG.AutoComplete@37afeb11</td></tr>
<tr>
<td title='TextNG.Widgets.verifyElements()'><b>verifyElements</b><br>Test class: TextNG.Widgets</td>
<td></td>
<td>0</td>
<td>TextNG.Widgets@223d2c72</td></tr>
<tr>
<td title='TextNG.VerifyLogo.verifyLogo()'><b>verifyLogo</b><br>Test class: TextNG.VerifyLogo</td>
<td></td>
<td>0</td>
<td>TextNG.VerifyLogo@158d2680</td></tr>
<tr>
<td title='TextNG.VisitMainPage.verifyLogo()'><b>verifyLogo</b><br>Test class: TextNG.VisitMainPage</td>
<td></td>
<td>2</td>
<td>TextNG.VisitMainPage@8f4ea7c</td></tr>
<tr>
<td title='TextNG.TextBox.verifyElements()'><b>verifyElements</b><br>Test class: TextNG.TextBox</td>
<td></td>
<td>0</td>
<td>TextNG.TextBox@36bc55de</td></tr>
<tr>
<td title='TextNG.Droppable.verifyElements()'><b>verifyElements</b><br>Test class: TextNG.Droppable</td>
<td></td>
<td>0</td>
<td>TextNG.Droppable@3febb011</td></tr>
<tr>
<td title='TextNG.ModalDialog.verifyElements()'><b>verifyElements</b><br>Test class: TextNG.ModalDialog</td>
<td></td>
<td>0</td>
<td>TextNG.ModalDialog@1d2adfbe</td></tr>
<tr>
<td title='TextNG.BrowserWindow.verifyElements()'><b>verifyElements</b><br>Test class: TextNG.BrowserWindow</td>
<td></td>
<td>0</td>
<td>TextNG.BrowserWindow@49ec71f8</td></tr>
<tr>
<td title='TextNG.ToolTips.verifyElements()'><b>verifyElements</b><br>Test class: TextNG.ToolTips</td>
<td></td>
<td>0</td>
<td>TextNG.ToolTips@36902638</td></tr>
<tr>
<td title='TextNG.Tabs.verifyElements()'><b>verifyElements</b><br>Test class: TextNG.Tabs</td>
<td></td>
<td>0</td>
<td>TextNG.Tabs@399f45b1</td></tr>
<tr>
<td title='TextNG.Forms.verifyElements()'><b>verifyElements</b><br>Test class: TextNG.Forms</td>
<td></td>
<td>0</td>
<td>TextNG.Forms@564fabc8</td></tr>
<tr>
<td title='TextNG.DynamicProperties.verifyElements()'><b>verifyElements</b><br>Test class: TextNG.DynamicProperties</td>
<td></td>
<td>0</td>
<td>TextNG.DynamicProperties@dd8ba08</td></tr>
<tr>
<td title='TextNG.RadioButton.verifyElements()'><b>verifyElements</b><br>Test class: TextNG.RadioButton</td>
<td></td>
<td>0</td>
<td>TextNG.RadioButton@595b007d</td></tr>
<tr>
<td title='TextNG.NestedFrames.verifyElements()'><b>verifyElements</b><br>Test class: TextNG.NestedFrames</td>
<td></td>
<td>0</td>
<td>TextNG.NestedFrames@7e07db1f</td></tr>
<tr>
<td title='TextNG.ElementsCard.verifyElements()'><b>verifyElements</b><br>Test class: TextNG.ElementsCard</td>
<td></td>
<td>0</td>
<td>TextNG.ElementsCard@131774fe</td></tr>
<tr>
<td title='TextNG.DatePicker.verifyElements()'><b>verifyElements</b><br>Test class: TextNG.DatePicker</td>
<td></td>
<td>1</td>
<td>TextNG.DatePicker@79e2c065</td></tr>
<tr>
<td title='TextNG.Accordian.verifyElements()'><b>verifyElements</b><br>Test class: TextNG.Accordian</td>
<td></td>
<td>0</td>
<td>TextNG.Accordian@57a3af25</td></tr>
<tr>
<td title='TextNG.Alerts.verifyElements()'><b>verifyElements</b><br>Test class: TextNG.Alerts</td>
<td></td>
<td>0</td>
<td>TextNG.Alerts@436813f3</td></tr>
<tr>
<td title='TextNG.AlertsFrames.verifyElements()'><b>verifyElements</b><br>Test class: TextNG.AlertsFrames</td>
<td></td>
<td>0</td>
<td>TextNG.AlertsFrames@16d04d3d</td></tr>
<tr>
<td title='TextNG.Links.verifyElements()'><b>verifyElements</b><br>Test class: TextNG.Links</td>
<td></td>
<td>0</td>
<td>TextNG.Links@2d7275fc</td></tr>
<tr>
<td title='TextNG.WebTables.verifyElements()'><b>verifyElements</b><br>Test class: TextNG.WebTables</td>
<td></td>
<td>0</td>
<td>TextNG.WebTables@10e31a9a</td></tr>
</table><p>
</body>
</html>